09-28-2020 02:21 | [34m[MANAGER] [0mManager pour Shard  Enabled[0m
09-28-2020 02:21 | [34m[MANAGER] [0mStorage location: ./data/storage/1/giveaways.json[0m
09-28-2020 02:21 | [0m[Statut] [32m ON[0m
09-28-2020 02:21 | [DISCORD.JS] Connexion...
09-28-2020 02:21 | [32m[EVENTS] [0mFichier guildCreate.js[0m
09-28-2020 02:21 | [32m[EVENTS] [0mFichier guildDelete.js[0m
09-28-2020 02:21 | [32m[EVENTS] [0mFichier invalidated.js[0m
09-28-2020 02:21 | [32m[EVENTS] [0mFichier message.js[0m
09-28-2020 02:21 | [32m[EVENTS] [0mFichier raw.js[0m
09-28-2020 02:21 | [32m[EVENTS] [0mFichier ready.js[0m
09-28-2020 02:21 | [32m [32mChargement des events effectué[0m
09-28-2020 02:21 | [36m[COMMANDES] [0mFichier config.js[0m
09-28-2020 02:21 | [36m[COMMANDES] [0mFichier create.js[0m
09-28-2020 02:21 | [36m[COMMANDES] [0mFichier delete.js[0m
09-28-2020 02:21 | [36m[COMMANDES] [0mFichier edit.js[0m
09-28-2020 02:21 | [36m[COMMANDES] [0mFichier end.js[0m
09-28-2020 02:21 | [36m[COMMANDES] [0mFichier eval.js[0m
09-28-2020 02:21 | [36m[COMMANDES] [0mFichier help.js[0m
09-28-2020 02:21 | [36m[COMMANDES] [0mFichier info.js[0m
09-28-2020 02:21 | [36m[COMMANDES] [0mFichier list.js[0m
09-28-2020 02:21 | [36m[COMMANDES] [0mFichier reload.js[0m
09-28-2020 02:21 | [36m[COMMANDES] [0mFichier reroll.js[0m
09-28-2020 02:21 | [36m[COMMANDES] [0mFichier start.js[0m
09-28-2020 02:21 | [32m [32mChargement des commandes effectué[0m
09-28-2020 02:21 | [33m[DATA] [32mFichier de données 658398872967839757.json[0m
09-28-2020 02:21 | [33m[DATA] [32mFichier de données 731968363496079472.json[0m
09-28-2020 02:21 | [33m[DATA] [32mFichier de données 741134344533311548.json[0m
09-28-2020 02:21 | [32m [32mChargement des fichiers de données effectué[0m
09-28-2020 02:21 | [32m[SHARD] [0mSHARD #1 OPERATIONNEL
