10-1-2020 11:52 | [34m[MANAGER] [0mManager pour Shard  Enabled[0m
10-1-2020 11:52 | [34m[MANAGER] [0mStorage location: ./data/storage/2/giveaways.json[0m
10-1-2020 11:52 | [0m[Statut] [32m ON[0m
10-1-2020 11:52 | [DISCORD.JS] Connexion...
10-1-2020 11:52 | [32m[EVENTS] [0mFichier guildCreate.js[0m
10-1-2020 11:52 | [32m[EVENTS] [0mFichier guildDelete.js[0m
10-1-2020 11:52 | [32m[EVENTS] [0mFichier invalidated.js[0m
10-1-2020 11:52 | [32m[EVENTS] [0mFichier message.js[0m
10-1-2020 11:52 | [32m[EVENTS] [0mFichier messageReactionAdd.js[0m
10-1-2020 11:52 | [32m[EVENTS] [0mFichier raw.js[0m
10-1-2020 11:52 | [32m[EVENTS] [0mFichier ready.js[0m
10-1-2020 11:52 | [32m [32mChargement des events effectué[0m
10-1-2020 11:52 | [36m[COMMANDES] [0mFichier config.js[0m
10-1-2020 11:52 | [36m[COMMANDES] [0mFichier create.js[0m
10-1-2020 11:52 | [36m[COMMANDES] [0mFichier delete.js[0m
10-1-2020 11:52 | [36m[COMMANDES] [0mFichier edit.js[0m
10-1-2020 11:52 | [36m[COMMANDES] [0mFichier end.js[0m
10-1-2020 11:52 | [36m[COMMANDES] [0mFichier eval.js[0m
10-1-2020 11:52 | [36m[COMMANDES] [0mFichier help.js[0m
10-1-2020 11:52 | [36m[COMMANDES] [0mFichier info.js[0m
10-1-2020 11:52 | [36m[COMMANDES] [0mFichier list.js[0m
10-1-2020 11:52 | [36m[COMMANDES] [0mFichier ping.js[0m
10-1-2020 11:52 | [36m[COMMANDES] [0mFichier reload.js[0m
10-1-2020 11:52 | [36m[COMMANDES] [0mFichier reroll.js[0m
10-1-2020 11:52 | [36m[COMMANDES] [0mFichier start.js[0m
10-1-2020 11:52 | [32m [32mChargement des commandes effectué[0m
10-1-2020 11:52 | [33m[DATA] [32mFichier de données 645727729353752592.json[0m
10-1-2020 11:52 | [33m[DATA] [32mFichier de données 675219774460002323.json[0m
10-1-2020 11:52 | [33m[DATA] [32mFichier de données 735474391155998800.json[0m
10-1-2020 11:52 | [33m[DATA] [32mFichier de données 738710638095761539.json[0m
10-1-2020 11:52 | [32m [32mChargement des fichiers de données effectué[0m
10-1-2020 11:52 | [32m[SHARD] [0mSHARD #2 OPERATIONNEL
