--- Starts here ---
- [+] Ajouté sur CHANGEMENT !!!::81::706628889593643049 
- [+] Ajouté sur test::11::762016844437258290 
- [+] Ajouté sur Official Testing::31::766335842897231883 
- [+] Ajouté sur UnionPvP | PvP Faction::11::781213036857262090 
- [+] Ajouté sur AirTake Shop V3::122::757675123414401146 
- [+] Ajouté sur Planets Game::4::781556083298533396 
- [+] Ajouté sur A     Gamer discord::129::608027386021281845 
- [+] Ajouté sur Trosh::6235::643188015660924928 
- [+] Ajouté sur Shop Corbusiers V2::32::783768441249071114 
- [+] Ajouté sur m raw bot::6::787285514792337408 
- [+] Ajouté sur Le Server de Emerson::21::639484030064132109 
- [+] Ajouté sur PalaWish Market | V2::1644::743445858682667059 
- [+] Ajouté sur bot test::7::787596477605216286 
- [+] Ajouté sur TonReward!::81::783720961224081500 
- [+] Ajouté sur undefined::undefined::702569588537294860 
- [+] Ajouté sur Rayze Community | Lobby::43::800952048463642644 
- [+] Ajouté sur Irezia V1 | PvP Faction & FFA::65::792767262524178432 
- [+] Ajouté sur La Table Ronde::18::689090516696301648 
- [+] Ajouté sur Team Turkish E-Sport::17::803347358121328641 
- [+] Ajouté sur Pub Express Mathieu::11::805108379688894466 
- [+] Ajouté sur Adopt me TRADE::3::787748195916316712 
- [+] Ajouté sur Among Us FR 🇨🇵::8::805221953626832926 
- [+] Ajouté sur Irezia V1::20::805877933499220018 
- [+] Ajouté sur Servidor de Ranni::4::798727136936067102 
